<?xml version="1.0" encoding="UTF-8"?>
<!-- Generated by org.testng.reporters.JUnitReportReporter -->
<testsuite hostname="DESKTOP-BFKP7EA" failures="0" tests="1" name="testcase.checking" time="0.027" errors="0" timestamp="27 Nov 2024 05:05:52 GMT" skipped="0">
  <testcase classname="testcase.checking" name="data" time="0.027"/>
</testsuite> <!-- testcase.checking -->
