<?xml version="1.0" encoding="UTF-8"?>
<!-- Generated by org.testng.reporters.JUnitReportReporter -->
<testsuite hostname="DESKTOP-BFKP7EA" failures="0" tests="9" name="testcase.loginpagefunctionality" time="79.091" errors="0" timestamp="26 Nov 2024 11:20:20 GMT" skipped="0">
  <testcase classname="testcase.loginpagefunctionality" name="manuallogin" time="16.656"/>
  <testcase classname="testcase.loginpagefunctionality" name="zoneoption" time="0.260"/>
  <testcase classname="testcase.loginpagefunctionality" name="dashboard" time="10.077"/>
  <testcase classname="testcase.loginpagefunctionality" name="selectdate" time="7.529"/>
  <testcase classname="testcase.loginpagefunctionality" name="clickgotomap" time="5.531"/>
  <testcase classname="testcase.loginpagefunctionality" name="spotdetails" time="6.983"/>
  <testcase classname="testcase.loginpagefunctionality" name="selectspot" time="3.111"/>
  <testcase classname="testcase.loginpagefunctionality" name="bookspacebutton" time="11.700"/>
  <testcase classname="testcase.loginpagefunctionality" name="cancelbookingbutton" time="17.244"/>
</testsuite> <!-- testcase.loginpagefunctionality -->
