<?xml version="1.0" encoding="UTF-8"?>
<!-- Generated by org.testng.reporters.JUnitReportReporter -->
<testsuite hostname="DESKTOP-BFKP7EA" failures="0" tests="6" name="testcase.onlymanullogin" time="59.651" errors="0" timestamp="23 Nov 2024 09:21:38 GMT" skipped="0">
  <testcase classname="testcase.onlymanullogin" name="fmanualloginoptions" time="10.866"/>
  <testcase classname="testcase.onlymanullogin" name="fmanualloginoptions" time="1.869"/>
  <testcase classname="testcase.onlymanullogin" name="fmanualloginoptions" time="10.620"/>
  <testcase classname="testcase.onlymanullogin" name="fmanualloginoptions" time="15.986"/>
  <testcase classname="testcase.onlymanullogin" name="fmanualloginoptions" time="10.105"/>
  <testcase classname="testcase.onlymanullogin" name="fmanualloginoptions" time="10.205"/>
</testsuite> <!-- testcase.onlymanullogin -->
