<?xml version="1.0" encoding="UTF-8"?>
<!-- Generated by org.testng.reporters.JUnitReportReporter -->
<testsuite hostname="DESKTOP-BFKP7EA" failures="0" tests="9" name="testcase.ClaimFunctionalityforMap" time="59.252" errors="0" timestamp="28 Nov 2024 12:18:10 GMT" skipped="0">
  <testcase classname="testcase.ClaimFunctionalityforMap" name="manuallogin" time="11.197"/>
  <testcase classname="testcase.ClaimFunctionalityforMap" name="zoneoption" time="0.506"/>
  <testcase classname="testcase.ClaimFunctionalityforMap" name="dashboard" time="0.920"/>
  <testcase classname="testcase.ClaimFunctionalityforMap" name="selectdate" time="10.331"/>
  <testcase classname="testcase.ClaimFunctionalityforMap" name="clickgotomap" time="5.665"/>
  <testcase classname="testcase.ClaimFunctionalityforMap" name="spotdetails" time="7.883"/>
  <testcase classname="testcase.ClaimFunctionalityforMap" name="selectspot" time="3.229"/>
  <testcase classname="testcase.ClaimFunctionalityforMap" name="bookspacebutton" time="12.258"/>
  <testcase classname="testcase.ClaimFunctionalityforMap" name="cancelbookingbutton" time="7.263"/>
</testsuite> <!-- testcase.ClaimFunctionalityforMap -->
