<?xml version="1.0" encoding="UTF-8"?>
<!-- Generated by org.testng.reporters.JUnitReportReporter -->
<testsuite hostname="DESKTOP-BFKP7EA" failures="0" tests="1" name="base.Helper" time="1.896" errors="0" timestamp="26 Nov 2024 12:11:55 GMT" skipped="0">
  <testcase classname="base.Helper" name="reusableMethod" time="1.896"/>
</testsuite> <!-- base.Helper -->
