<?xml version="1.0" encoding="UTF-8"?>
<!-- Generated by org.testng.reporters.JUnitReportReporter -->
<testsuite hostname="DESKTOP-BFKP7EA" failures="0" tests="3" name="testcase.HourlyBooking" time="58.872" errors="0" timestamp="2024-12-30T15:14:24 IST" skipped="0">
  <testcase classname="testcase.HourlyBooking" name="openbrowse" time="35.474"/>
  <testcase classname="testcase.HourlyBooking" name="hourlybooking" time="20.154"/>
  <testcase classname="testcase.HourlyBooking" name="selecttime" time="3.244"/>
</testsuite> <!-- testcase.HourlyBooking -->
