<?xml version="1.0" encoding="UTF-8"?>
<!-- Generated by org.testng.reporters.JUnitReportReporter -->
<testsuite hostname="DESKTOP-BFKP7EA" failures="0" tests="1" name="memberloginmethod.registerfuncationality" time="0.008" errors="0" timestamp="12 Apr 2024 04:09:03 GMT" skipped="0">
  <testcase classname="memberloginmethod.registerfuncationality" name="registerpage" time="0.008"/>
</testsuite> <!-- memberloginmethod.registerfuncationality -->
