<?xml version="1.0" encoding="UTF-8"?>
<!-- Generated by org.testng.reporters.JUnitReportReporter -->
<testsuite hostname="DESKTOP-BFKP7EA" failures="0" tests="3" name="testcase.GetrandomspaceFuncationality" time="47.713" errors="0" timestamp="2024-12-24T12:46:09 IST" skipped="0">
  <testcase classname="testcase.GetrandomspaceFuncationality" name="openbrowse" time="33.773"/>
  <testcase classname="testcase.GetrandomspaceFuncationality" name="getrandomspacebutton" time="12.475"/>
  <testcase classname="testcase.GetrandomspaceFuncationality" name="cancelbooking" time="1.465"/>
</testsuite> <!-- testcase.GetrandomspaceFuncationality -->
