<?xml version="1.0" encoding="UTF-8"?>
<!-- Generated by org.testng.reporters.JUnitReportReporter -->
<testsuite hostname="DESKTOP-BFKP7EA" failures="0" tests="1" name="memberloginmethod.manuallogin" time="0.031" errors="0" timestamp="12 Apr 2024 10:55:12 GMT" skipped="0">
  <testcase classname="memberloginmethod.manuallogin" name="loginemail" time="0.031"/>
</testsuite> <!-- memberloginmethod.manuallogin -->
